<?xml version="1.0" encoding="UTF-8"?>
<!-- Generated by org.testng.reporters.JUnitReportReporter -->
<testsuite skipped="0" hostname="WKWIN5337880" name="testMethods.TestMethod" tests="2" failures="0" timestamp="27 May 2019 17:38:39 GMT" time="18.374" errors="0">
  <testcase name="validateErrorMessage" time="9.831" classname="testMethods.TestMethod"/>
  <testcase name="validateData" time="8.543" classname="testMethods.TestMethod"/>
</testsuite> <!-- testMethods.TestMethod -->
